IsTV/build/outputs/logs/manifest-merger-lianxiang-release-report.txt
-- Merging decision tree log ---
manifest
ADDED from ZhengZaiThrees/IsTV/AndroidManifest.xml:2:1-578:12
	package
		ADDED from ZhengZaiThrees/IsTV/AndroidManifest.xml:2:11-39
		INJECTED from ZhengZaiThrees/IsTV/AndroidManifest.xml
		INJECTED from ZhengZaiThrees/IsTV/AndroidManifest.xml
	android:versionName
		INJECTED from ZhengZaiThrees/IsTV/AndroidManifest.xml
		INJECTED from ZhengZaiThrees/IsTV/AndroidManifest.xml
	xmlns:tools
		ADDED from ZhengZaiThrees/IsTV/AndroidManifest.xml:4:11-57
	xmlns:android
		ADDED from ZhengZaiThrees/IsTV/AndroidManifest.xml:3:11-69
	android:versionCode
		INJECTED from ZhengZaiThrees/IsTV/AndroidManifest.xml
		INJECTED from ZhengZaiThrees/IsTV/AndroidManifest.xml
uses-feature#android.hardware.camera
ADDED from ZhengZaiThrees/IsTV/AndroidManifest.xml:6:5-8:35
	android:required
		ADDED from ZhengZaiThrees/IsTV/AndroidManifest.xml:8:9-33
	android:name
		ADDED from ZhengZaiThrees/IsTV/AndroidManifest.xml:7:9-47
uses-feature#android.hardware.camera.autofocus
ADDED from ZhengZaiThrees/IsTV/AndroidManifest.xml:9:5-11:35
	android:required
		ADDED from ZhengZaiThrees/IsTV/AndroidManifest.xml:11:9-33
	android:name
		ADDED from ZhengZaiThrees/IsTV/AndroidManifest.xml:10:9-57
uses-feature#android.software.leanback
ADDED from ZhengZaiThrees/IsTV/AndroidManifest.xml:12:5-14:35
	android:required
		ADDED from ZhengZaiThrees/IsTV/AndroidManifest.xml:14:9-33
	android:name
		ADDED from ZhengZaiThrees/IsTV/AndroidManifest.xml:13:9-49
uses-feature#0x00020000
ADDED from ZhengZaiThrees/IsTV/AndroidManifest.xml:15:5-17:34
	android:glEsVersion
		ADDED from ZhengZaiThrees/IsTV/AndroidManifest.xml:16:9-41
	android:required
		ADDED from ZhengZaiThrees/IsTV/AndroidManifest.xml:17:9-32
uses-permission#android.permission.FLASHLIGHT
ADDED from ZhengZaiThrees/IsTV/AndroidManifest.xml:19:5-68
	android:name
		ADDED from ZhengZaiThrees/IsTV/AndroidManifest.xml:19:22-66
uses-permission#android.permission.DISABLE_KEYGUARD
ADDED from ZhengZaiThrees/IsTV/AndroidManifest.xml:21:5-74
	android:name
		ADDED from ZhengZaiThrees/IsTV/AndroidManifest.xml:21:22-72
uses-permission#android.permission.READ_CALENDAR
ADDED from ZhengZaiThrees/IsTV/AndroidManifest.xml:23:5-71
	android:name
		ADDED from ZhengZaiThrees/IsTV/AndroidManifest.xml:23:22-69
uses-permission#android.permission.WRITE_CALENDAR
ADDED from ZhengZaiThrees/IsTV/AndroidManifest.xml:24:5-72
	android:name
		ADDED from ZhengZaiThrees/IsTV/AndroidManifest.xml:24:22-70
uses-permission#android.permission.ACCESS_COARSE_LOCATION
ADDED from ZhengZaiThrees/IsTV/AndroidManifest.xml:26:5-80
	android:name
		ADDED from ZhengZaiThrees/IsTV/AndroidManifest.xml:26:22-78
uses-permission#android.permission.MOUNT_UNMOUNT_FILESYSTEMS
ADDED from ZhengZaiThrees/IsTV/AndroidManifest.xml:27:5-83
	android:name
		ADDED from ZhengZaiThrees/IsTV/AndroidManifest.xml:27:22-81
uses-permission#android.permission.WRITE_EXTERNAL_STORAGE
ADDED from ZhengZaiThrees/IsTV/AndroidManifest.xml:29:5-80
MERGED from [ZhengZaiThrees:IMLib:unspecified] AndroidManifest.xml:11:5-81
MERGED from [ZhengZaiThrees:PushSDK:unspecified] AndroidManifest.xml:16:5-81
	android:name
		ADDED from ZhengZaiThrees/IsTV/AndroidManifest.xml:29:22-78
uses-permission#android.permission.ACCESS_NETWORK_STATE
ADDED from ZhengZaiThrees/IsTV/AndroidManifest.xml:30:5-78
MERGED from [ZhengZaiThrees:IMLib:unspecified] AndroidManifest.xml:13:5-79
MERGED from [ZhengZaiThrees:PushSDK:unspecified] AndroidManifest.xml:14:5-79
	android:name
		ADDED from ZhengZaiThrees/IsTV/AndroidManifest.xml:30:22-76
uses-permission#android.permission.ACCESS_WIFI_STATE
ADDED from ZhengZaiThrees/IsTV/AndroidManifest.xml:31:5-75
MERGED from [ZhengZaiThrees:IMLib:unspecified] AndroidManifest.xml:14:5-76
MERGED from [ZhengZaiThrees:PushSDK:unspecified] AndroidManifest.xml:15:5-76
	android:name
		ADDED from ZhengZaiThrees/IsTV/AndroidManifest.xml:31:22-73
uses-permission#android.permission.READ_PHONE_STATE
ADDED from ZhengZaiThrees/IsTV/AndroidManifest.xml:32:5-74
MERGED from [ZhengZaiThrees:IMLib:unspecified] AndroidManifest.xml:15:5-75
MERGED from [ZhengZaiThrees:PushSDK:unspecified] AndroidManifest.xml:18:5-75
	android:name
		ADDED from ZhengZaiThrees/IsTV/AndroidManifest.xml:32:22-72
uses-permission#android.permission.RECORD_AUDIO
ADDED from ZhengZaiThrees/IsTV/AndroidManifest.xml:33:5-70
MERGED from [ZhengZaiThrees:IMLib:unspecified] AndroidManifest.xml:16:5-71
	android:name
		ADDED from ZhengZaiThrees/IsTV/AndroidManifest.xml:33:22-68
uses-permission#android.permission.MODIFY_AUDIO_SETTINGS
ADDED from ZhengZaiThrees/IsTV/AndroidManifest.xml:34:5-79
MERGED from [ZhengZaiThrees:IMLib:unspecified] AndroidManifest.xml:19:5-80
	android:name
		ADDED from ZhengZaiThrees/IsTV/AndroidManifest.xml:34:22-77
uses-permission#android.permission.VIBRATE
ADDED from ZhengZaiThrees/IsTV/AndroidManifest.xml:35:5-65
MERGED from [ZhengZaiThrees:IMLib:unspecified] AndroidManifest.xml:20:5-66
MERGED from [ZhengZaiThrees:PushSDK:unspecified] AndroidManifest.xml:31:5-66
	android:name
		ADDED from ZhengZaiThrees/IsTV/AndroidManifest.xml:35:22-63
uses-permission#android.permission.KILL_BACKGROUND_PROCESSES
ADDED from ZhengZaiThrees/IsTV/AndroidManifest.xml:36:5-83
	android:name
		ADDED from ZhengZaiThrees/IsTV/AndroidManifest.xml:36:22-81
uses-permission#android.permission.WAKE_LOCK
ADDED from ZhengZaiThrees/IsTV/AndroidManifest.xml:37:5-67
MERGED from [ZhengZaiThrees:IMLib:unspecified] AndroidManifest.xml:18:5-68
MERGED from [ZhengZaiThrees:PushSDK:unspecified] AndroidManifest.xml:17:5-68
	android:name
		ADDED from ZhengZaiThrees/IsTV/AndroidManifest.xml:37:22-65
uses-permission#android.permission.INTERNET
ADDED from ZhengZaiThrees/IsTV/AndroidManifest.xml:38:5-66
MERGED from [ZhengZaiThrees:IMLib:unspecified] AndroidManifest.xml:12:5-67
MERGED from [ZhengZaiThrees:PushSDK:unspecified] AndroidManifest.xml:13:5-67
	android:name
		ADDED from ZhengZaiThrees/IsTV/AndroidManifest.xml:38:22-64
uses-permission#android.permission.READ_EXTERNAL_STORAGE
ADDED from ZhengZaiThrees/IsTV/AndroidManifest.xml:39:5-79
	android:name
		ADDED from ZhengZaiThrees/IsTV/AndroidManifest.xml:39:22-77
uses-permission#android.permission.WRITE_SETTINGS
ADDED from ZhengZaiThrees/IsTV/AndroidManifest.xml:40:5-72
MERGED from [ZhengZaiThrees:PushSDK:unspecified] AndroidManifest.xml:12:5-73
	android:name
		ADDED from ZhengZaiThrees/IsTV/AndroidManifest.xml:40:22-70
uses-permission#android.permission.CHANGE_NETWORK_STATE
ADDED from ZhengZaiThrees/IsTV/AndroidManifest.xml:42:5-78
MERGED from [ZhengZaiThrees:PushSDK:unspecified] AndroidManifest.xml:19:5-79
	android:name
		ADDED from ZhengZaiThrees/IsTV/AndroidManifest.xml:42:22-76
uses-permission#android.permission.CHANGE_WIFI_STATE
ADDED from ZhengZaiThrees/IsTV/AndroidManifest.xml:43:5-75
MERGED from [ZhengZaiThrees:PushSDK:unspecified] AndroidManifest.xml:20:5-76
	android:name
		ADDED from ZhengZaiThrees/IsTV/AndroidManifest.xml:43:22-73
uses-permission#android.permission.RECEIVE_BOOT_COMPLETED
ADDED from ZhengZaiThrees/IsTV/AndroidManifest.xml:44:5-80
MERGED from [ZhengZaiThrees:IMLib:unspecified] AndroidManifest.xml:21:5-81
MERGED from [ZhengZaiThrees:PushSDK:unspecified] AndroidManifest.xml:22:5-81
	android:name
		ADDED from ZhengZaiThrees/IsTV/AndroidManifest.xml:44:22-78
uses-permission#android.permission.GET_TASKS
ADDED from ZhengZaiThrees/IsTV/AndroidManifest.xml:45:5-67
MERGED from [ZhengZaiThrees:IMLib:unspecified] AndroidManifest.xml:17:5-68
MERGED from [ZhengZaiThrees:PushSDK:unspecified] AndroidManifest.xml:21:5-68
	android:name
		ADDED from ZhengZaiThrees/IsTV/AndroidManifest.xml:45:22-65
uses-permission#android.permission.BROADCAST_PACKAGE_REPLACED
ADDED from ZhengZaiThrees/IsTV/AndroidManifest.xml:47:5-84
MERGED from [ZhengZaiThrees:PushSDK:unspecified] AndroidManifest.xml:28:5-85
	android:name
		ADDED from ZhengZaiThrees/IsTV/AndroidManifest.xml:47:22-82
uses-permission#android.permission.RESTART_PACKAGES
ADDED from ZhengZaiThrees/IsTV/AndroidManifest.xml:48:5-74
MERGED from [ZhengZaiThrees:PushSDK:unspecified] AndroidManifest.xml:29:5-75
	android:name
		ADDED from ZhengZaiThrees/IsTV/AndroidManifest.xml:48:22-72
uses-permission#android.permission.MANAGE_ACCOUNTS
ADDED from ZhengZaiThrees/IsTV/AndroidManifest.xml:50:5-73
	android:name
		ADDED from ZhengZaiThrees/IsTV/AndroidManifest.xml:50:22-71
uses-permission#android.permission.GET_ACCOUNTS
ADDED from ZhengZaiThrees/IsTV/AndroidManifest.xml:51:5-70
MERGED from [ZhengZaiThrees:PushSDK:unspecified] AndroidManifest.xml:30:5-71
	android:name
		ADDED from ZhengZaiThrees/IsTV/AndroidManifest.xml:51:22-68
uses-permission#android.permission.BROADCAST_PACKAGE_ADDED
ADDED from ZhengZaiThrees/IsTV/AndroidManifest.xml:54:5-81
MERGED from [ZhengZaiThrees:PushSDK:unspecified] AndroidManifest.xml:25:5-82
	android:name
		ADDED from ZhengZaiThrees/IsTV/AndroidManifest.xml:54:22-79
uses-permission#android.permission.BROADCAST_PACKAGE_CHANGED
ADDED from ZhengZaiThrees/IsTV/AndroidManifest.xml:55:5-83
MERGED from [ZhengZaiThrees:PushSDK:unspecified] AndroidManifest.xml:26:5-84
	android:name
		ADDED from ZhengZaiThrees/IsTV/AndroidManifest.xml:55:22-81
uses-permission#android.permission.BROADCAST_PACKAGE_INSTALL
ADDED from ZhengZaiThrees/IsTV/AndroidManifest.xml:56:5-83
MERGED from [ZhengZaiThrees:PushSDK:unspecified] AndroidManifest.xml:27:5-84
	android:name
		ADDED from ZhengZaiThrees/IsTV/AndroidManifest.xml:56:22-81
uses-permission#com.android.launcher.permission.INSTALL_SHORTCUT
ADDED from ZhengZaiThrees/IsTV/AndroidManifest.xml:58:5-87
	android:name
		ADDED from ZhengZaiThrees/IsTV/AndroidManifest.xml:58:22-85
uses-permission#android.permission.CAMERA
ADDED from ZhengZaiThrees/IsTV/AndroidManifest.xml:62:5-64
	android:name
		ADDED from ZhengZaiThrees/IsTV/AndroidManifest.xml:62:22-62
uses-permission#android.permission.BLUETOOTH
ADDED from ZhengZaiThrees/IsTV/AndroidManifest.xml:64:5-67
	android:name
		ADDED from ZhengZaiThrees/IsTV/AndroidManifest.xml:64:22-65
uses-permission#android.permission.BLUETOOTH_ADMIN
ADDED from ZhengZaiThrees/IsTV/AndroidManifest.xml:65:5-73
	android:name
		ADDED from ZhengZaiThrees/IsTV/AndroidManifest.xml:65:22-71
application
ADDED from ZhengZaiThrees/IsTV/AndroidManifest.xml:67:5-549:19
MERGED from [ZhengZaiThrees:IMLib:unspecified] AndroidManifest.xml:23:5-87:19
MERGED from [ZhengZaiThrees:PushSDK:unspecified] AndroidManifest.xml:36:5-141:19
MERGED from [com.android.support:design:23.0.0] AndroidManifest.xml:22:5-20
MERGED from [com.android.support:appcompat-v7:23.0.0] AndroidManifest.xml:22:5-20
MERGED from [com.android.support:support-v4:23.0.1] AndroidManifest.xml:22:5-20
MERGED from [com.lidroid.xutils:xutils:2.6.13] AndroidManifest.xml:11:5-20
MERGED from [me.dm7.barcodescanner:zbar:1.8.3] AndroidManifest.xml:11:5-20
MERGED from [me.dm7.barcodescanner:core:1.8.3] AndroidManifest.xml:11:5-20
	android:label
		ADDED from ZhengZaiThrees/IsTV/AndroidManifest.xml:71:9-41
	android:allowBackup
		ADDED from ZhengZaiThrees/IsTV/AndroidManifest.xml:69:9-35
	android:icon
		ADDED from ZhengZaiThrees/IsTV/AndroidManifest.xml:70:9-38
	android:largeHeap
		ADDED from ZhengZaiThrees/IsTV/AndroidManifest.xml:72:9-33
	android:theme
		ADDED from ZhengZaiThrees/IsTV/AndroidManifest.xml:73:9-43
	tools:replace
		ADDED from ZhengZaiThrees/IsTV/AndroidManifest.xml:74:9-51
	android:name
		ADDED from ZhengZaiThrees/IsTV/AndroidManifest.xml:68:9-48
activity#com.modernsky.istv.acitivity.SplashActivity
ADDED from ZhengZaiThrees/IsTV/AndroidManifest.xml:76:9-84:20
	android:theme
		ADDED from ZhengZaiThrees/IsTV/AndroidManifest.xml:78:13-53
	android:name
		ADDED from ZhengZaiThrees/IsTV/AndroidManifest.xml:77:13-53
intent-filter#android.intent.action.MAIN+android.intent.category.LAUNCHER
ADDED from ZhengZaiThrees/IsTV/AndroidManifest.xml:79:13-83:29
action#android.intent.action.MAIN
ADDED from ZhengZaiThrees/IsTV/AndroidManifest.xml:80:17-68
	android:name
		ADDED from ZhengZaiThrees/IsTV/AndroidManifest.xml:80:25-66
category#android.intent.category.LAUNCHER
ADDED from ZhengZaiThrees/IsTV/AndroidManifest.xml:82:17-76
	android:name
		ADDED from ZhengZaiThrees/IsTV/AndroidManifest.xml:82:27-74
activity#com.modernsky.istv.acitivity.MainActivity
ADDED from ZhengZaiThrees/IsTV/AndroidManifest.xml:85:9-107:20
	android:screenOrientation
		ADDED from ZhengZaiThrees/IsTV/AndroidManifest.xml:89:13-49
	android:label
		ADDED from ZhengZaiThrees/IsTV/AndroidManifest.xml:87:13-45
	android:launchMode
		ADDED from ZhengZaiThrees/IsTV/AndroidManifest.xml:88:13-44
	android:windowSoftInputMode
		ADDED from ZhengZaiThrees/IsTV/AndroidManifest.xml:91:13-56
	android:theme
		ADDED from ZhengZaiThrees/IsTV/AndroidManifest.xml:90:13-60
	android:name
		ADDED from ZhengZaiThrees/IsTV/AndroidManifest.xml:86:13-51
intent-filter#android.intent.action.MAIN+android.intent.category.DEFAULT
ADDED from ZhengZaiThrees/IsTV/AndroidManifest.xml:92:13-95:29
category#android.intent.category.DEFAULT
ADDED from ZhengZaiThrees/IsTV/AndroidManifest.xml:94:17-75
	android:name
		ADDED from ZhengZaiThrees/IsTV/AndroidManifest.xml:94:27-73
intent-filter#android.intent.action.VIEW+android.intent.category.BROWSABLE+android.intent.category.DEFAULT
ADDED from ZhengZaiThrees/IsTV/AndroidManifest.xml:96:13-106:29
action#android.intent.action.VIEW
ADDED from ZhengZaiThrees/IsTV/AndroidManifest.xml:98:17-68
	android:name
		ADDED from ZhengZaiThrees/IsTV/AndroidManifest.xml:98:25-66
category#android.intent.category.BROWSABLE
ADDED from ZhengZaiThrees/IsTV/AndroidManifest.xml:101:17-77
	android:name
		ADDED from ZhengZaiThrees/IsTV/AndroidManifest.xml:101:27-75
data
ADDED from ZhengZaiThrees/IsTV/AndroidManifest.xml:103:17-105:48
	android:host
		ADDED from ZhengZaiThrees/IsTV/AndroidManifest.xml:104:21-39
	android:scheme
		ADDED from ZhengZaiThrees/IsTV/AndroidManifest.xml:105:21-46
activity#com.modernsky.istv.acitivity.LogoActivity
ADDED from ZhengZaiThrees/IsTV/AndroidManifest.xml:108:9-112:55
	android:screenOrientation
		ADDED from ZhengZaiThrees/IsTV/AndroidManifest.xml:111:13-49
	android:label
		ADDED from ZhengZaiThrees/IsTV/AndroidManifest.xml:110:13-45
	android:theme
		ADDED from ZhengZaiThrees/IsTV/AndroidManifest.xml:112:13-53
	android:name
		ADDED from ZhengZaiThrees/IsTV/AndroidManifest.xml:109:13-51
activity#com.modernsky.istv.acitivity.MakeRecordActivity
ADDED from ZhengZaiThrees/IsTV/AndroidManifest.xml:113:9-116:51
	android:screenOrientation
		ADDED from ZhengZaiThrees/IsTV/AndroidManifest.xml:116:13-49
	android:label
		ADDED from ZhengZaiThrees/IsTV/AndroidManifest.xml:115:13-45
	android:name
		ADDED from ZhengZaiThrees/IsTV/AndroidManifest.xml:114:13-57
activity#com.modernsky.istv.acitivity.CalendarActivity
ADDED from ZhengZaiThrees/IsTV/AndroidManifest.xml:117:9-120:51
	android:screenOrientation
		ADDED from ZhengZaiThrees/IsTV/AndroidManifest.xml:120:13-49
	android:label
		ADDED from ZhengZaiThrees/IsTV/AndroidManifest.xml:119:13-45
	android:name
		ADDED from ZhengZaiThrees/IsTV/AndroidManifest.xml:118:13-55
activity#com.modernsky.istv.acitivity.WelcomeActivity
ADDED from ZhengZaiThrees/IsTV/AndroidManifest.xml:121:9-124:51
	android:screenOrientation
		ADDED from ZhengZaiThrees/IsTV/AndroidManifest.xml:124:13-49
	android:label
		ADDED from ZhengZaiThrees/IsTV/AndroidManifest.xml:123:13-45
	android:name
		ADDED from ZhengZaiThrees/IsTV/AndroidManifest.xml:122:13-54
activity#com.modernsky.istv.acitivity.SetUserInfoActivity
ADDED from ZhengZaiThrees/IsTV/AndroidManifest.xml:125:9-128:51
	android:screenOrientation
		ADDED from ZhengZaiThrees/IsTV/AndroidManifest.xml:128:13-49
	android:label
		ADDED from ZhengZaiThrees/IsTV/AndroidManifest.xml:127:13-45
	android:name
		ADDED from ZhengZaiThrees/IsTV/AndroidManifest.xml:126:13-58
activity#com.modernsky.istv.acitivity.RegisterActivity
ADDED from ZhengZaiThrees/IsTV/AndroidManifest.xml:129:9-132:51
	android:screenOrientation
		ADDED from ZhengZaiThrees/IsTV/AndroidManifest.xml:132:13-49
	android:label
		ADDED from ZhengZaiThrees/IsTV/AndroidManifest.xml:131:13-45
	android:name
		ADDED from ZhengZaiThrees/IsTV/AndroidManifest.xml:130:13-55
activity#com.modernsky.istv.acitivity.RegisterOneActivity
ADDED from ZhengZaiThrees/IsTV/AndroidManifest.xml:133:9-136:51
	android:screenOrientation
		ADDED from ZhengZaiThrees/IsTV/AndroidManifest.xml:136:13-49
	android:label
		ADDED from ZhengZaiThrees/IsTV/AndroidManifest.xml:135:13-45
	android:name
		ADDED from ZhengZaiThrees/IsTV/AndroidManifest.xml:134:13-58
activity#com.modernsky.istv.acitivity.ChangeActivity
ADDED from ZhengZaiThrees/IsTV/AndroidManifest.xml:137:9-140:51
	android:screenOrientation
		ADDED from ZhengZaiThrees/IsTV/AndroidManifest.xml:140:13-49
	android:label
		ADDED from ZhengZaiThrees/IsTV/AndroidManifest.xml:139:13-45
	android:name
		ADDED from ZhengZaiThrees/IsTV/AndroidManifest.xml:138:13-53
activity#com.modernsky.istv.acitivity.ResetPsdActivity
ADDED from ZhengZaiThrees/IsTV/AndroidManifest.xml:141:9-144:51
	android:screenOrientation
		ADDED from ZhengZaiThrees/IsTV/AndroidManifest.xml:144:13-49
	android:label
		ADDED from ZhengZaiThrees/IsTV/AndroidManifest.xml:143:13-45
	android:name
		ADDED from ZhengZaiThrees/IsTV/AndroidManifest.xml:142:13-55
activity#com.modernsky.istv.acitivity.FindPsdTypeActivity
ADDED from ZhengZaiThrees/IsTV/AndroidManifest.xml:145:9-148:51
	android:screenOrientation
		ADDED from ZhengZaiThrees/IsTV/AndroidManifest.xml:148:13-49
	android:label
		ADDED from ZhengZaiThrees/IsTV/AndroidManifest.xml:147:13-45
	android:name
		ADDED from ZhengZaiThrees/IsTV/AndroidManifest.xml:146:13-58
activity#com.modernsky.istv.acitivity.SearchActivity
ADDED from ZhengZaiThrees/IsTV/AndroidManifest.xml:149:9-154:54
	android:screenOrientation
		ADDED from ZhengZaiThrees/IsTV/AndroidManifest.xml:152:13-49
	android:label
		ADDED from ZhengZaiThrees/IsTV/AndroidManifest.xml:151:13-45
	android:windowSoftInputMode
		ADDED from ZhengZaiThrees/IsTV/AndroidManifest.xml:154:13-52
	android:theme
		ADDED from ZhengZaiThrees/IsTV/AndroidManifest.xml:153:13-55
	android:name
		ADDED from ZhengZaiThrees/IsTV/AndroidManifest.xml:150:13-53
activity#com.modernsky.istv.acitivity.BingPhoneActivity
ADDED from ZhengZaiThrees/IsTV/AndroidManifest.xml:155:9-158:51
	android:screenOrientation
		ADDED from ZhengZaiThrees/IsTV/AndroidManifest.xml:158:13-49
	android:label
		ADDED from ZhengZaiThrees/IsTV/AndroidManifest.xml:157:13-45
	android:name
		ADDED from ZhengZaiThrees/IsTV/AndroidManifest.xml:156:13-56
activity#com.modernsky.istv.acitivity.YinyueJieHejiActivtity
ADDED from ZhengZaiThrees/IsTV/AndroidManifest.xml:159:9-162:51
	android:screenOrientation
		ADDED from ZhengZaiThrees/IsTV/AndroidManifest.xml:162:13-49
	android:label
		ADDED from ZhengZaiThrees/IsTV/AndroidManifest.xml:161:13-45
	android:name
		ADDED from ZhengZaiThrees/IsTV/AndroidManifest.xml:160:13-61
activity#com.modernsky.istv.acitivity.ArtistDetailActiivty
ADDED from ZhengZaiThrees/IsTV/AndroidManifest.xml:163:9-166:51
	android:screenOrientation
		ADDED from ZhengZaiThrees/IsTV/AndroidManifest.xml:166:13-49
	android:label
		ADDED from ZhengZaiThrees/IsTV/AndroidManifest.xml:165:13-45
	android:name
		ADDED from ZhengZaiThrees/IsTV/AndroidManifest.xml:164:13-59
activity#com.modernsky.istv.acitivity.TranscriptsActivity
ADDED from ZhengZaiThrees/IsTV/AndroidManifest.xml:167:9-170:51
	android:screenOrientation
		ADDED from ZhengZaiThrees/IsTV/AndroidManifest.xml:170:13-49
	android:label
		ADDED from ZhengZaiThrees/IsTV/AndroidManifest.xml:169:13-45
	android:name
		ADDED from ZhengZaiThrees/IsTV/AndroidManifest.xml:168:13-58
activity#com.modernsky.istv.acitivity.PlayActivity
ADDED from ZhengZaiThrees/IsTV/AndroidManifest.xml:171:9-179:57
	android:screenOrientation
		ADDED from ZhengZaiThrees/IsTV/AndroidManifest.xml:177:13-49
	android:label
		ADDED from ZhengZaiThrees/IsTV/AndroidManifest.xml:175:13-45
	android:launchMode
		ADDED from ZhengZaiThrees/IsTV/AndroidManifest.xml:176:13-44
	android:exported
		ADDED from ZhengZaiThrees/IsTV/AndroidManifest.xml:174:13-36
	android:windowSoftInputMode
		ADDED from ZhengZaiThrees/IsTV/AndroidManifest.xml:179:13-55
	android:configChanges
		ADDED from ZhengZaiThrees/IsTV/AndroidManifest.xml:173:13-74
	android:theme
		ADDED from ZhengZaiThrees/IsTV/AndroidManifest.xml:178:13-60
	android:name
		ADDED from ZhengZaiThrees/IsTV/AndroidManifest.xml:172:13-51
activity#com.modernsky.istv.acitivity.LookForwardActivity
ADDED from ZhengZaiThrees/IsTV/AndroidManifest.xml:180:9-188:57
	android:screenOrientation
		ADDED from ZhengZaiThrees/IsTV/AndroidManifest.xml:186:13-49
	android:label
		ADDED from ZhengZaiThrees/IsTV/AndroidManifest.xml:184:13-45
	android:launchMode
		ADDED from ZhengZaiThrees/IsTV/AndroidManifest.xml:185:13-44
	android:exported
		ADDED from ZhengZaiThrees/IsTV/AndroidManifest.xml:183:13-36
	android:windowSoftInputMode
		ADDED from ZhengZaiThrees/IsTV/AndroidManifest.xml:188:13-55
	android:configChanges
		ADDED from ZhengZaiThrees/IsTV/AndroidManifest.xml:182:13-74
	android:theme
		ADDED from ZhengZaiThrees/IsTV/AndroidManifest.xml:187:13-60
	android:name
		ADDED from ZhengZaiThrees/IsTV/AndroidManifest.xml:181:13-58
activity#com.modernsky.istv.acitivity.ShowActivity
ADDED from ZhengZaiThrees/IsTV/AndroidManifest.xml:189:9-197:57
	android:screenOrientation
		ADDED from ZhengZaiThrees/IsTV/AndroidManifest.xml:195:13-49
	android:label
		ADDED from ZhengZaiThrees/IsTV/AndroidManifest.xml:193:13-45
	android:launchMode
		ADDED from ZhengZaiThrees/IsTV/AndroidManifest.xml:194:13-44
	android:exported
		ADDED from ZhengZaiThrees/IsTV/AndroidManifest.xml:192:13-36
	android:windowSoftInputMode
		ADDED from ZhengZaiThrees/IsTV/AndroidManifest.xml:197:13-55
	android:configChanges
		ADDED from ZhengZaiThrees/IsTV/AndroidManifest.xml:191:13-74
	android:theme
		ADDED from ZhengZaiThrees/IsTV/AndroidManifest.xml:196:13-60
	android:name
		ADDED from ZhengZaiThrees/IsTV/AndroidManifest.xml:190:13-51
activity#com.modernsky.istv.acitivity.LiveActivity
ADDED from ZhengZaiThrees/IsTV/AndroidManifest.xml:198:9-206:57
	android:screenOrientation
		ADDED from ZhengZaiThrees/IsTV/AndroidManifest.xml:204:13-49
	android:label
		ADDED from ZhengZaiThrees/IsTV/AndroidManifest.xml:202:13-45
	android:launchMode
		ADDED from ZhengZaiThrees/IsTV/AndroidManifest.xml:203:13-44
	android:exported
		ADDED from ZhengZaiThrees/IsTV/AndroidManifest.xml:201:13-36
	android:windowSoftInputMode
		ADDED from ZhengZaiThrees/IsTV/AndroidManifest.xml:206:13-55
	android:configChanges
		ADDED from ZhengZaiThrees/IsTV/AndroidManifest.xml:200:13-74
	android:theme
		ADDED from ZhengZaiThrees/IsTV/AndroidManifest.xml:205:13-60
	android:name
		ADDED from ZhengZaiThrees/IsTV/AndroidManifest.xml:199:13-51
activity#com.modernsky.istv.acitivity.LoginActivity
ADDED from ZhengZaiThrees/IsTV/AndroidManifest.xml:208:9-210:51
	android:screenOrientation
		ADDED from ZhengZaiThrees/IsTV/AndroidManifest.xml:210:13-49
	android:name
		ADDED from ZhengZaiThrees/IsTV/AndroidManifest.xml:209:13-52
activity#com.modernsky.istv.acitivity.InputContectActivity
ADDED from ZhengZaiThrees/IsTV/AndroidManifest.xml:211:9-213:51
	android:screenOrientation
		ADDED from ZhengZaiThrees/IsTV/AndroidManifest.xml:213:13-49
	android:name
		ADDED from ZhengZaiThrees/IsTV/AndroidManifest.xml:212:13-59
activity#com.modernsky.istv.acitivity.EditUserInfoActivity
ADDED from ZhengZaiThrees/IsTV/AndroidManifest.xml:214:9-216:51
	android:screenOrientation
		ADDED from ZhengZaiThrees/IsTV/AndroidManifest.xml:216:13-49
	android:name
		ADDED from ZhengZaiThrees/IsTV/AndroidManifest.xml:215:13-59
activity#com.modernsky.istv.acitivity.ImagePreviewActivity
ADDED from ZhengZaiThrees/IsTV/AndroidManifest.xml:217:9-219:51
	android:screenOrientation
		ADDED from ZhengZaiThrees/IsTV/AndroidManifest.xml:219:13-49
	android:name
		ADDED from ZhengZaiThrees/IsTV/AndroidManifest.xml:218:13-59
activity#com.modernsky.istv.acitivity.TopicActivity
ADDED from ZhengZaiThrees/IsTV/AndroidManifest.xml:220:9-222:51
	android:screenOrientation
		ADDED from ZhengZaiThrees/IsTV/AndroidManifest.xml:222:13-49
	android:name
		ADDED from ZhengZaiThrees/IsTV/AndroidManifest.xml:221:13-52
activity#com.modernsky.istv.acitivity.ClienUserActivity
ADDED from ZhengZaiThrees/IsTV/AndroidManifest.xml:223:9-225:51
	android:screenOrientation
		ADDED from ZhengZaiThrees/IsTV/AndroidManifest.xml:225:13-49
	android:name
		ADDED from ZhengZaiThrees/IsTV/AndroidManifest.xml:224:13-56
activity#com.modernsky.istv.acitivity.SetActivity
ADDED from ZhengZaiThrees/IsTV/AndroidManifest.xml:226:9-228:51
	android:screenOrientation
		ADDED from ZhengZaiThrees/IsTV/AndroidManifest.xml:228:13-49
	android:name
		ADDED from ZhengZaiThrees/IsTV/AndroidManifest.xml:227:13-50
activity#com.modernsky.istv.acitivity.WebActivity
ADDED from ZhengZaiThrees/IsTV/AndroidManifest.xml:229:9-231:51
	android:screenOrientation
		ADDED from ZhengZaiThrees/IsTV/AndroidManifest.xml:231:13-49
	android:name
		ADDED from ZhengZaiThrees/IsTV/AndroidManifest.xml:230:13-50
activity#com.modernsky.istv.acitivity.BindingActivity
ADDED from ZhengZaiThrees/IsTV/AndroidManifest.xml:232:9-234:51
	android:screenOrientation
		ADDED from ZhengZaiThrees/IsTV/AndroidManifest.xml:234:13-49
	android:name
		ADDED from ZhengZaiThrees/IsTV/AndroidManifest.xml:233:13-54
activity#com.modernsky.istv.acitivity.BuyGiftActivity
ADDED from ZhengZaiThrees/IsTV/AndroidManifest.xml:235:9-237:51
	android:screenOrientation
		ADDED from ZhengZaiThrees/IsTV/AndroidManifest.xml:237:13-49
	android:name
		ADDED from ZhengZaiThrees/IsTV/AndroidManifest.xml:236:13-54
activity#com.modernsky.istv.acitivity.RankActivity
ADDED from ZhengZaiThrees/IsTV/AndroidManifest.xml:238:9-240:51
	android:screenOrientation
		ADDED from ZhengZaiThrees/IsTV/AndroidManifest.xml:240:13-49
	android:name
		ADDED from ZhengZaiThrees/IsTV/AndroidManifest.xml:239:13-51
activity#com.modernsky.istv.acitivity.YouHuiQuanActivity
ADDED from ZhengZaiThrees/IsTV/AndroidManifest.xml:241:9-243:51
	android:screenOrientation
		ADDED from ZhengZaiThrees/IsTV/AndroidManifest.xml:243:13-49
	android:name
		ADDED from ZhengZaiThrees/IsTV/AndroidManifest.xml:242:13-57
activity#com.modernsky.istv.acitivity.ShouCangActivity
ADDED from ZhengZaiThrees/IsTV/AndroidManifest.xml:244:9-246:51
	android:screenOrientation
		ADDED from ZhengZaiThrees/IsTV/AndroidManifest.xml:246:13-49
	android:name
		ADDED from ZhengZaiThrees/IsTV/AndroidManifest.xml:245:13-55
activity#com.modernsky.istv.acitivity.RecordActivity
ADDED from ZhengZaiThrees/IsTV/AndroidManifest.xml:247:9-249:51
	android:screenOrientation
		ADDED from ZhengZaiThrees/IsTV/AndroidManifest.xml:249:13-49
	android:name
		ADDED from ZhengZaiThrees/IsTV/AndroidManifest.xml:248:13-53
activity#com.modernsky.istv.acitivity.OrderMeActivity
ADDED from ZhengZaiThrees/IsTV/AndroidManifest.xml:250:9-252:51
	android:screenOrientation
		ADDED from ZhengZaiThrees/IsTV/AndroidManifest.xml:252:13-49
	android:name
		ADDED from ZhengZaiThrees/IsTV/AndroidManifest.xml:251:13-54
activity#com.modernsky.istv.acitivity.ZhanneixinActivity
ADDED from ZhengZaiThrees/IsTV/AndroidManifest.xml:253:9-255:51
	android:screenOrientation
		ADDED from ZhengZaiThrees/IsTV/AndroidManifest.xml:255:13-49
	android:name
		ADDED from ZhengZaiThrees/IsTV/AndroidManifest.xml:254:13-57
activity#com.modernsky.istv.acitivity.LivePublishActivity
ADDED from ZhengZaiThrees/IsTV/AndroidManifest.xml:256:9-259:52
	android:screenOrientation
		ADDED from ZhengZaiThrees/IsTV/AndroidManifest.xml:259:13-50
	android:configChanges
		ADDED from ZhengZaiThrees/IsTV/AndroidManifest.xml:258:13-59
	android:name
		ADDED from ZhengZaiThrees/IsTV/AndroidManifest.xml:257:13-58
activity#com.modernsky.istv.acitivity.DormMusicActivity
ADDED from ZhengZaiThrees/IsTV/AndroidManifest.xml:260:9-262:51
	android:screenOrientation
		ADDED from ZhengZaiThrees/IsTV/AndroidManifest.xml:262:13-49
	android:name
		ADDED from ZhengZaiThrees/IsTV/AndroidManifest.xml:261:13-56
activity#com.modernsky.istv.acitivity.PaihangbangActivity
ADDED from ZhengZaiThrees/IsTV/AndroidManifest.xml:263:9-265:51
	android:screenOrientation
		ADDED from ZhengZaiThrees/IsTV/AndroidManifest.xml:265:13-49
	android:name
		ADDED from ZhengZaiThrees/IsTV/AndroidManifest.xml:264:13-58
activity#com.modernsky.istv.acitivity.DzzLiveInfoActivity
ADDED from ZhengZaiThrees/IsTV/AndroidManifest.xml:266:9-268:51
	android:screenOrientation
		ADDED from ZhengZaiThrees/IsTV/AndroidManifest.xml:268:13-49
	android:name
		ADDED from ZhengZaiThrees/IsTV/AndroidManifest.xml:267:13-58
activity#com.modernsky.istv.acitivity.UserHomepageActivity
ADDED from ZhengZaiThrees/IsTV/AndroidManifest.xml:269:9-271:51
	android:screenOrientation
		ADDED from ZhengZaiThrees/IsTV/AndroidManifest.xml:271:13-49
	android:name
		ADDED from ZhengZaiThrees/IsTV/AndroidManifest.xml:270:13-59
activity#com.modernsky.istv.choiseCity.ChoiseCityActivity
ADDED from ZhengZaiThrees/IsTV/AndroidManifest.xml:272:9-274:51
	android:screenOrientation
		ADDED from ZhengZaiThrees/IsTV/AndroidManifest.xml:274:13-49
	android:name
		ADDED from ZhengZaiThrees/IsTV/AndroidManifest.xml:273:13-58
activity#com.modernsky.istv.acitivity.ApplyAnchorActivity
ADDED from ZhengZaiThrees/IsTV/AndroidManifest.xml:275:9-278:55
	android:screenOrientation
		ADDED from ZhengZaiThrees/IsTV/AndroidManifest.xml:277:13-49
	android:theme
		ADDED from ZhengZaiThrees/IsTV/AndroidManifest.xml:278:13-53
	android:name
		ADDED from ZhengZaiThrees/IsTV/AndroidManifest.xml:276:13-58
activity#com.modernsky.istv.acitivity.ChoisePublishOrLiveActivity
ADDED from ZhengZaiThrees/IsTV/AndroidManifest.xml:279:9-282:55
	android:screenOrientation
		ADDED from ZhengZaiThrees/IsTV/AndroidManifest.xml:281:13-49
	android:theme
		ADDED from ZhengZaiThrees/IsTV/AndroidManifest.xml:282:13-53
	android:name
		ADDED from ZhengZaiThrees/IsTV/AndroidManifest.xml:280:13-66
activity#com.modernsky.istv.acitivity.PublishActivity
ADDED from ZhengZaiThrees/IsTV/AndroidManifest.xml:283:9-287:74
	android:screenOrientation
		ADDED from ZhengZaiThrees/IsTV/AndroidManifest.xml:285:13-49